0 info it worked if it ends with ok
1 verbose cli [ '/usr/bin/node', '/usr/bin/npm', 'install' ]
2 info using npm@1.4.28
3 info using node@v0.10.40
4 verbose node symlink /usr/bin/node
5 verbose readDependencies using package.json deps
6 verbose install where, deps [ '/var/www/ChoreoProSite/WebSite',
6 verbose install   [ 'bower',
6 verbose install     'http-server',
6 verbose install     'jasmine-core',
6 verbose install     'karma',
6 verbose install     'karma-chrome-launcher',
6 verbose install     'karma-firefox-launcher',
6 verbose install     'karma-jasmine',
6 verbose install     'karma-junit-reporter',
6 verbose install     'protractor',
6 verbose install     'shelljs',
6 verbose install     'express',
6 verbose install     'mongoose',
6 verbose install     'morgan',
6 verbose install     'body-parser',
6 verbose install     'method-override' ] ]
7 info preinstall angular-seed@0.0.0
8 verbose readDependencies using package.json deps
9 verbose cache add [ 'bower@^1.3.1', null ]
10 verbose cache add name=undefined spec="bower@^1.3.1" args=["bower@^1.3.1",null]
11 verbose parsed url { protocol: null,
11 verbose parsed url   slashes: null,
11 verbose parsed url   auth: null,
11 verbose parsed url   host: null,
11 verbose parsed url   port: null,
11 verbose parsed url   hostname: null,
11 verbose parsed url   hash: null,
11 verbose parsed url   search: null,
11 verbose parsed url   query: null,
11 verbose parsed url   pathname: 'bower@^1.3.1',
11 verbose parsed url   path: 'bower@^1.3.1',
11 verbose parsed url   href: 'bower@^1.3.1' }
12 verbose cache add [ 'http-server@^0.6.1', null ]
13 verbose cache add name=undefined spec="http-server@^0.6.1" args=["http-server@^0.6.1",null]
14 verbose parsed url { protocol: null,
14 verbose parsed url   slashes: null,
14 verbose parsed url   auth: null,
14 verbose parsed url   host: null,
14 verbose parsed url   port: null,
14 verbose parsed url   hostname: null,
14 verbose parsed url   hash: null,
14 verbose parsed url   search: null,
14 verbose parsed url   query: null,
14 verbose parsed url   pathname: 'http-server@^0.6.1',
14 verbose parsed url   path: 'http-server@^0.6.1',
14 verbose parsed url   href: 'http-server@^0.6.1' }
15 verbose cache add [ 'jasmine-core@^2.3.4', null ]
16 verbose cache add name=undefined spec="jasmine-core@^2.3.4" args=["jasmine-core@^2.3.4",null]
17 verbose parsed url { protocol: null,
17 verbose parsed url   slashes: null,
17 verbose parsed url   auth: null,
17 verbose parsed url   host: null,
17 verbose parsed url   port: null,
17 verbose parsed url   hostname: null,
17 verbose parsed url   hash: null,
17 verbose parsed url   search: null,
17 verbose parsed url   query: null,
17 verbose parsed url   pathname: 'jasmine-core@^2.3.4',
17 verbose parsed url   path: 'jasmine-core@^2.3.4',
17 verbose parsed url   href: 'jasmine-core@^2.3.4' }
18 verbose cache add [ 'karma@~0.12', null ]
19 verbose cache add name=undefined spec="karma@~0.12" args=["karma@~0.12",null]
20 verbose parsed url { protocol: null,
20 verbose parsed url   slashes: null,
20 verbose parsed url   auth: null,
20 verbose parsed url   host: null,
20 verbose parsed url   port: null,
20 verbose parsed url   hostname: null,
20 verbose parsed url   hash: null,
20 verbose parsed url   search: null,
20 verbose parsed url   query: null,
20 verbose parsed url   pathname: 'karma@~0.12',
20 verbose parsed url   path: 'karma@~0.12',
20 verbose parsed url   href: 'karma@~0.12' }
21 verbose cache add [ 'karma-chrome-launcher@^0.1.12', null ]
22 verbose cache add name=undefined spec="karma-chrome-launcher@^0.1.12" args=["karma-chrome-launcher@^0.1.12",null]
23 verbose parsed url { protocol: null,
23 verbose parsed url   slashes: null,
23 verbose parsed url   auth: null,
23 verbose parsed url   host: null,
23 verbose parsed url   port: null,
23 verbose parsed url   hostname: null,
23 verbose parsed url   hash: null,
23 verbose parsed url   search: null,
23 verbose parsed url   query: null,
23 verbose parsed url   pathname: 'karma-chrome-launcher@^0.1.12',
23 verbose parsed url   path: 'karma-chrome-launcher@^0.1.12',
23 verbose parsed url   href: 'karma-chrome-launcher@^0.1.12' }
24 verbose cache add [ 'karma-firefox-launcher@^0.1.6', null ]
25 verbose cache add name=undefined spec="karma-firefox-launcher@^0.1.6" args=["karma-firefox-launcher@^0.1.6",null]
26 verbose parsed url { protocol: null,
26 verbose parsed url   slashes: null,
26 verbose parsed url   auth: null,
26 verbose parsed url   host: null,
26 verbose parsed url   port: null,
26 verbose parsed url   hostname: null,
26 verbose parsed url   hash: null,
26 verbose parsed url   search: null,
26 verbose parsed url   query: null,
26 verbose parsed url   pathname: 'karma-firefox-launcher@^0.1.6',
26 verbose parsed url   path: 'karma-firefox-launcher@^0.1.6',
26 verbose parsed url   href: 'karma-firefox-launcher@^0.1.6' }
27 verbose cache add name="bower" spec="^1.3.1" args=["bower","^1.3.1"]
28 verbose parsed url { protocol: null,
28 verbose parsed url   slashes: null,
28 verbose parsed url   auth: null,
28 verbose parsed url   host: null,
28 verbose parsed url   port: null,
28 verbose parsed url   hostname: null,
28 verbose parsed url   hash: null,
28 verbose parsed url   search: null,
28 verbose parsed url   query: null,
28 verbose parsed url   pathname: '^1.3.1',
28 verbose parsed url   path: '^1.3.1',
28 verbose parsed url   href: '^1.3.1' }
29 verbose addNamed [ 'bower', '^1.3.1' ]
30 verbose addNamed [ null, '>=1.3.1-0 <2.0.0-0' ]
31 verbose cache add name="http-server" spec="^0.6.1" args=["http-server","^0.6.1"]
32 verbose parsed url { protocol: null,
32 verbose parsed url   slashes: null,
32 verbose parsed url   auth: null,
32 verbose parsed url   host: null,
32 verbose parsed url   port: null,
32 verbose parsed url   hostname: null,
32 verbose parsed url   hash: null,
32 verbose parsed url   search: null,
32 verbose parsed url   query: null,
32 verbose parsed url   pathname: '^0.6.1',
32 verbose parsed url   path: '^0.6.1',
32 verbose parsed url   href: '^0.6.1' }
33 verbose addNamed [ 'http-server', '^0.6.1' ]
34 verbose addNamed [ null, '>=0.6.1-0 <0.7.0-0' ]
35 verbose cache add [ 'karma-jasmine@^0.3.5', null ]
36 verbose cache add name=undefined spec="karma-jasmine@^0.3.5" args=["karma-jasmine@^0.3.5",null]
37 verbose parsed url { protocol: null,
37 verbose parsed url   slashes: null,
37 verbose parsed url   auth: null,
37 verbose parsed url   host: null,
37 verbose parsed url   port: null,
37 verbose parsed url   hostname: null,
37 verbose parsed url   hash: null,
37 verbose parsed url   search: null,
37 verbose parsed url   query: null,
37 verbose parsed url   pathname: 'karma-jasmine@^0.3.5',
37 verbose parsed url   path: 'karma-jasmine@^0.3.5',
37 verbose parsed url   href: 'karma-jasmine@^0.3.5' }
38 verbose cache add [ 'karma-junit-reporter@^0.2.2', null ]
39 verbose cache add name=undefined spec="karma-junit-reporter@^0.2.2" args=["karma-junit-reporter@^0.2.2",null]
40 verbose parsed url { protocol: null,
40 verbose parsed url   slashes: null,
40 verbose parsed url   auth: null,
40 verbose parsed url   host: null,
40 verbose parsed url   port: null,
40 verbose parsed url   hostname: null,
40 verbose parsed url   hash: null,
40 verbose parsed url   search: null,
40 verbose parsed url   query: null,
40 verbose parsed url   pathname: 'karma-junit-reporter@^0.2.2',
40 verbose parsed url   path: 'karma-junit-reporter@^0.2.2',
40 verbose parsed url   href: 'karma-junit-reporter@^0.2.2' }
41 verbose cache add [ 'protractor@^2.1.0', null ]
42 verbose cache add name=undefined spec="protractor@^2.1.0" args=["protractor@^2.1.0",null]
43 verbose parsed url { protocol: null,
43 verbose parsed url   slashes: null,
43 verbose parsed url   auth: null,
43 verbose parsed url   host: null,
43 verbose parsed url   port: null,
43 verbose parsed url   hostname: null,
43 verbose parsed url   hash: null,
43 verbose parsed url   search: null,
43 verbose parsed url   query: null,
43 verbose parsed url   pathname: 'protractor@^2.1.0',
43 verbose parsed url   path: 'protractor@^2.1.0',
43 verbose parsed url   href: 'protractor@^2.1.0' }
44 verbose cache add [ 'shelljs@^0.2.6', null ]
45 verbose cache add name=undefined spec="shelljs@^0.2.6" args=["shelljs@^0.2.6",null]
46 verbose parsed url { protocol: null,
46 verbose parsed url   slashes: null,
46 verbose parsed url   auth: null,
46 verbose parsed url   host: null,
46 verbose parsed url   port: null,
46 verbose parsed url   hostname: null,
46 verbose parsed url   hash: null,
46 verbose parsed url   search: null,
46 verbose parsed url   query: null,
46 verbose parsed url   pathname: 'shelljs@^0.2.6',
46 verbose parsed url   path: 'shelljs@^0.2.6',
46 verbose parsed url   href: 'shelljs@^0.2.6' }
47 verbose cache add [ 'express@~4.7.2', null ]
48 verbose cache add name=undefined spec="express@~4.7.2" args=["express@~4.7.2",null]
49 verbose parsed url { protocol: null,
49 verbose parsed url   slashes: null,
49 verbose parsed url   auth: null,
49 verbose parsed url   host: null,
49 verbose parsed url   port: null,
49 verbose parsed url   hostname: null,
49 verbose parsed url   hash: null,
49 verbose parsed url   search: null,
49 verbose parsed url   query: null,
49 verbose parsed url   pathname: 'express@~4.7.2',
49 verbose parsed url   path: 'express@~4.7.2',
49 verbose parsed url   href: 'express@~4.7.2' }
50 verbose cache add [ 'mongoose@~3.6.2', null ]
51 verbose cache add name=undefined spec="mongoose@~3.6.2" args=["mongoose@~3.6.2",null]
52 verbose parsed url { protocol: null,
52 verbose parsed url   slashes: null,
52 verbose parsed url   auth: null,
52 verbose parsed url   host: null,
52 verbose parsed url   port: null,
52 verbose parsed url   hostname: null,
52 verbose parsed url   hash: null,
52 verbose parsed url   search: null,
52 verbose parsed url   query: null,
52 verbose parsed url   pathname: 'mongoose@~3.6.2',
52 verbose parsed url   path: 'mongoose@~3.6.2',
52 verbose parsed url   href: 'mongoose@~3.6.2' }
53 verbose cache add [ 'morgan@~1.2.2', null ]
54 verbose cache add name=undefined spec="morgan@~1.2.2" args=["morgan@~1.2.2",null]
55 verbose parsed url { protocol: null,
55 verbose parsed url   slashes: null,
55 verbose parsed url   auth: null,
55 verbose parsed url   host: null,
55 verbose parsed url   port: null,
55 verbose parsed url   hostname: null,
55 verbose parsed url   hash: null,
55 verbose parsed url   search: null,
55 verbose parsed url   query: null,
55 verbose parsed url   pathname: 'morgan@~1.2.2',
55 verbose parsed url   path: 'morgan@~1.2.2',
55 verbose parsed url   href: 'morgan@~1.2.2' }
56 verbose cache add name="jasmine-core" spec="^2.3.4" args=["jasmine-core","^2.3.4"]
57 verbose parsed url { protocol: null,
57 verbose parsed url   slashes: null,
57 verbose parsed url   auth: null,
57 verbose parsed url   host: null,
57 verbose parsed url   port: null,
57 verbose parsed url   hostname: null,
57 verbose parsed url   hash: null,
57 verbose parsed url   search: null,
57 verbose parsed url   query: null,
57 verbose parsed url   pathname: '^2.3.4',
57 verbose parsed url   path: '^2.3.4',
57 verbose parsed url   href: '^2.3.4' }
58 verbose addNamed [ 'jasmine-core', '^2.3.4' ]
59 verbose addNamed [ null, '>=2.3.4-0 <3.0.0-0' ]
60 verbose cache add name="karma" spec="~0.12" args=["karma","~0.12"]
61 verbose parsed url { protocol: null,
61 verbose parsed url   slashes: null,
61 verbose parsed url   auth: null,
61 verbose parsed url   host: null,
61 verbose parsed url   port: null,
61 verbose parsed url   hostname: null,
61 verbose parsed url   hash: null,
61 verbose parsed url   search: null,
61 verbose parsed url   query: null,
61 verbose parsed url   pathname: '~0.12',
61 verbose parsed url   path: '~0.12',
61 verbose parsed url   href: '~0.12' }
62 verbose addNamed [ 'karma', '~0.12' ]
63 verbose addNamed [ null, '>=0.12.0-0 <0.13.0-0' ]
64 verbose cache add name="karma-chrome-launcher" spec="^0.1.12" args=["karma-chrome-launcher","^0.1.12"]
65 verbose parsed url { protocol: null,
65 verbose parsed url   slashes: null,
65 verbose parsed url   auth: null,
65 verbose parsed url   host: null,
65 verbose parsed url   port: null,
65 verbose parsed url   hostname: null,
65 verbose parsed url   hash: null,
65 verbose parsed url   search: null,
65 verbose parsed url   query: null,
65 verbose parsed url   pathname: '^0.1.12',
65 verbose parsed url   path: '^0.1.12',
65 verbose parsed url   href: '^0.1.12' }
66 verbose addNamed [ 'karma-chrome-launcher', '^0.1.12' ]
67 verbose addNamed [ null, '>=0.1.12-0 <0.2.0-0' ]
68 silly lockFile 7c83895e-bower-1-3-1 bower@^1.3.1
69 verbose lock bower@^1.3.1 /home/vagrant/.npm/7c83895e-bower-1-3-1.lock
70 silly lockFile e7eeaefd-http-server-0-6-1 http-server@^0.6.1
71 verbose lock http-server@^0.6.1 /home/vagrant/.npm/e7eeaefd-http-server-0-6-1.lock
72 silly lockFile a159a41e-jasmine-core-2-3-4 jasmine-core@^2.3.4
73 verbose lock jasmine-core@^2.3.4 /home/vagrant/.npm/a159a41e-jasmine-core-2-3-4.lock
74 silly lockFile 0424ac46-karma-0-12 karma@~0.12
75 verbose lock karma@~0.12 /home/vagrant/.npm/0424ac46-karma-0-12.lock
76 silly lockFile c327aa21-karma-chrome-launcher-0-1-12 karma-chrome-launcher@^0.1.12
77 verbose lock karma-chrome-launcher@^0.1.12 /home/vagrant/.npm/c327aa21-karma-chrome-launcher-0-1-12.lock
78 verbose cache add name="karma-firefox-launcher" spec="^0.1.6" args=["karma-firefox-launcher","^0.1.6"]
79 verbose parsed url { protocol: null,
79 verbose parsed url   slashes: null,
79 verbose parsed url   auth: null,
79 verbose parsed url   host: null,
79 verbose parsed url   port: null,
79 verbose parsed url   hostname: null,
79 verbose parsed url   hash: null,
79 verbose parsed url   search: null,
79 verbose parsed url   query: null,
79 verbose parsed url   pathname: '^0.1.6',
79 verbose parsed url   path: '^0.1.6',
79 verbose parsed url   href: '^0.1.6' }
80 verbose addNamed [ 'karma-firefox-launcher', '^0.1.6' ]
81 verbose addNamed [ null, '>=0.1.6-0 <0.2.0-0' ]
82 silly lockFile 9f4d8121-karma-firefox-launcher-0-1-6 karma-firefox-launcher@^0.1.6
83 verbose lock karma-firefox-launcher@^0.1.6 /home/vagrant/.npm/9f4d8121-karma-firefox-launcher-0-1-6.lock
84 verbose cache add name="karma-jasmine" spec="^0.3.5" args=["karma-jasmine","^0.3.5"]
85 verbose parsed url { protocol: null,
85 verbose parsed url   slashes: null,
85 verbose parsed url   auth: null,
85 verbose parsed url   host: null,
85 verbose parsed url   port: null,
85 verbose parsed url   hostname: null,
85 verbose parsed url   hash: null,
85 verbose parsed url   search: null,
85 verbose parsed url   query: null,
85 verbose parsed url   pathname: '^0.3.5',
85 verbose parsed url   path: '^0.3.5',
85 verbose parsed url   href: '^0.3.5' }
86 verbose addNamed [ 'karma-jasmine', '^0.3.5' ]
87 verbose addNamed [ null, '>=0.3.5-0 <0.4.0-0' ]
88 silly lockFile b0acc008-karma-jasmine-0-3-5 karma-jasmine@^0.3.5
89 verbose lock karma-jasmine@^0.3.5 /home/vagrant/.npm/b0acc008-karma-jasmine-0-3-5.lock
90 verbose cache add name="karma-junit-reporter" spec="^0.2.2" args=["karma-junit-reporter","^0.2.2"]
91 verbose parsed url { protocol: null,
91 verbose parsed url   slashes: null,
91 verbose parsed url   auth: null,
91 verbose parsed url   host: null,
91 verbose parsed url   port: null,
91 verbose parsed url   hostname: null,
91 verbose parsed url   hash: null,
91 verbose parsed url   search: null,
91 verbose parsed url   query: null,
91 verbose parsed url   pathname: '^0.2.2',
91 verbose parsed url   path: '^0.2.2',
91 verbose parsed url   href: '^0.2.2' }
92 verbose addNamed [ 'karma-junit-reporter', '^0.2.2' ]
93 verbose addNamed [ null, '>=0.2.2-0 <0.3.0-0' ]
94 silly lockFile 6934e75d-karma-junit-reporter-0-2-2 karma-junit-reporter@^0.2.2
95 verbose lock karma-junit-reporter@^0.2.2 /home/vagrant/.npm/6934e75d-karma-junit-reporter-0-2-2.lock
96 verbose cache add name="protractor" spec="^2.1.0" args=["protractor","^2.1.0"]
97 verbose parsed url { protocol: null,
97 verbose parsed url   slashes: null,
97 verbose parsed url   auth: null,
97 verbose parsed url   host: null,
97 verbose parsed url   port: null,
97 verbose parsed url   hostname: null,
97 verbose parsed url   hash: null,
97 verbose parsed url   search: null,
97 verbose parsed url   query: null,
97 verbose parsed url   pathname: '^2.1.0',
97 verbose parsed url   path: '^2.1.0',
97 verbose parsed url   href: '^2.1.0' }
98 verbose addNamed [ 'protractor', '^2.1.0' ]
99 verbose addNamed [ null, '>=2.1.0-0 <3.0.0-0' ]
100 silly lockFile 1d3f6f46-protractor-2-1-0 protractor@^2.1.0
101 verbose lock protractor@^2.1.0 /home/vagrant/.npm/1d3f6f46-protractor-2-1-0.lock
102 verbose cache add name="shelljs" spec="^0.2.6" args=["shelljs","^0.2.6"]
103 verbose parsed url { protocol: null,
103 verbose parsed url   slashes: null,
103 verbose parsed url   auth: null,
103 verbose parsed url   host: null,
103 verbose parsed url   port: null,
103 verbose parsed url   hostname: null,
103 verbose parsed url   hash: null,
103 verbose parsed url   search: null,
103 verbose parsed url   query: null,
103 verbose parsed url   pathname: '^0.2.6',
103 verbose parsed url   path: '^0.2.6',
103 verbose parsed url   href: '^0.2.6' }
104 verbose addNamed [ 'shelljs', '^0.2.6' ]
105 verbose addNamed [ null, '>=0.2.6-0 <0.3.0-0' ]
106 silly lockFile cdaabbbd-shelljs-0-2-6 shelljs@^0.2.6
107 verbose lock shelljs@^0.2.6 /home/vagrant/.npm/cdaabbbd-shelljs-0-2-6.lock
108 verbose cache add name="express" spec="~4.7.2" args=["express","~4.7.2"]
109 verbose parsed url { protocol: null,
109 verbose parsed url   slashes: null,
109 verbose parsed url   auth: null,
109 verbose parsed url   host: null,
109 verbose parsed url   port: null,
109 verbose parsed url   hostname: null,
109 verbose parsed url   hash: null,
109 verbose parsed url   search: null,
109 verbose parsed url   query: null,
109 verbose parsed url   pathname: '~4.7.2',
109 verbose parsed url   path: '~4.7.2',
109 verbose parsed url   href: '~4.7.2' }
110 verbose addNamed [ 'express', '~4.7.2' ]
111 verbose addNamed [ null, '>=4.7.2-0 <4.8.0-0' ]
112 silly lockFile ef4e1f61-express-4-7-2 express@~4.7.2
113 verbose lock express@~4.7.2 /home/vagrant/.npm/ef4e1f61-express-4-7-2.lock
114 verbose cache add [ 'body-parser@~1.5.2', null ]
115 verbose cache add name=undefined spec="body-parser@~1.5.2" args=["body-parser@~1.5.2",null]
116 verbose parsed url { protocol: null,
116 verbose parsed url   slashes: null,
116 verbose parsed url   auth: null,
116 verbose parsed url   host: null,
116 verbose parsed url   port: null,
116 verbose parsed url   hostname: null,
116 verbose parsed url   hash: null,
116 verbose parsed url   search: null,
116 verbose parsed url   query: null,
116 verbose parsed url   pathname: 'body-parser@~1.5.2',
116 verbose parsed url   path: 'body-parser@~1.5.2',
116 verbose parsed url   href: 'body-parser@~1.5.2' }
117 verbose cache add [ 'method-override@~2.1.2', null ]
118 verbose cache add name=undefined spec="method-override@~2.1.2" args=["method-override@~2.1.2",null]
119 verbose parsed url { protocol: null,
119 verbose parsed url   slashes: null,
119 verbose parsed url   auth: null,
119 verbose parsed url   host: null,
119 verbose parsed url   port: null,
119 verbose parsed url   hostname: null,
119 verbose parsed url   hash: null,
119 verbose parsed url   search: null,
119 verbose parsed url   query: null,
119 verbose parsed url   pathname: 'method-override@~2.1.2',
119 verbose parsed url   path: 'method-override@~2.1.2',
119 verbose parsed url   href: 'method-override@~2.1.2' }
120 verbose cache add name="mongoose" spec="~3.6.2" args=["mongoose","~3.6.2"]
121 verbose parsed url { protocol: null,
121 verbose parsed url   slashes: null,
121 verbose parsed url   auth: null,
121 verbose parsed url   host: null,
121 verbose parsed url   port: null,
121 verbose parsed url   hostname: null,
121 verbose parsed url   hash: null,
121 verbose parsed url   search: null,
121 verbose parsed url   query: null,
121 verbose parsed url   pathname: '~3.6.2',
121 verbose parsed url   path: '~3.6.2',
121 verbose parsed url   href: '~3.6.2' }
122 verbose addNamed [ 'mongoose', '~3.6.2' ]
123 verbose addNamed [ null, '>=3.6.2-0 <3.7.0-0' ]
124 silly lockFile 96ad86c1-mongoose-3-6-2 mongoose@~3.6.2
125 verbose lock mongoose@~3.6.2 /home/vagrant/.npm/96ad86c1-mongoose-3-6-2.lock
126 verbose cache add name="morgan" spec="~1.2.2" args=["morgan","~1.2.2"]
127 verbose parsed url { protocol: null,
127 verbose parsed url   slashes: null,
127 verbose parsed url   auth: null,
127 verbose parsed url   host: null,
127 verbose parsed url   port: null,
127 verbose parsed url   hostname: null,
127 verbose parsed url   hash: null,
127 verbose parsed url   search: null,
127 verbose parsed url   query: null,
127 verbose parsed url   pathname: '~1.2.2',
127 verbose parsed url   path: '~1.2.2',
127 verbose parsed url   href: '~1.2.2' }
128 verbose addNamed [ 'morgan', '~1.2.2' ]
129 verbose addNamed [ null, '>=1.2.2-0 <1.3.0-0' ]
130 silly lockFile 8a9f8c6a-morgan-1-2-2 morgan@~1.2.2
131 verbose lock morgan@~1.2.2 /home/vagrant/.npm/8a9f8c6a-morgan-1-2-2.lock
132 verbose cache add name="body-parser" spec="~1.5.2" args=["body-parser","~1.5.2"]
133 verbose parsed url { protocol: null,
133 verbose parsed url   slashes: null,
133 verbose parsed url   auth: null,
133 verbose parsed url   host: null,
133 verbose parsed url   port: null,
133 verbose parsed url   hostname: null,
133 verbose parsed url   hash: null,
133 verbose parsed url   search: null,
133 verbose parsed url   query: null,
133 verbose parsed url   pathname: '~1.5.2',
133 verbose parsed url   path: '~1.5.2',
133 verbose parsed url   href: '~1.5.2' }
134 verbose addNamed [ 'body-parser', '~1.5.2' ]
135 verbose addNamed [ null, '>=1.5.2-0 <1.6.0-0' ]
136 silly lockFile c3717280-body-parser-1-5-2 body-parser@~1.5.2
137 verbose lock body-parser@~1.5.2 /home/vagrant/.npm/c3717280-body-parser-1-5-2.lock
138 verbose cache add name="method-override" spec="~2.1.2" args=["method-override","~2.1.2"]
139 verbose parsed url { protocol: null,
139 verbose parsed url   slashes: null,
139 verbose parsed url   auth: null,
139 verbose parsed url   host: null,
139 verbose parsed url   port: null,
139 verbose parsed url   hostname: null,
139 verbose parsed url   hash: null,
139 verbose parsed url   search: null,
139 verbose parsed url   query: null,
139 verbose parsed url   pathname: '~2.1.2',
139 verbose parsed url   path: '~2.1.2',
139 verbose parsed url   href: '~2.1.2' }
140 verbose addNamed [ 'method-override', '~2.1.2' ]
141 verbose addNamed [ null, '>=2.1.2-0 <2.2.0-0' ]
142 silly lockFile fa7a4300-method-override-2-1-2 method-override@~2.1.2
143 verbose lock method-override@~2.1.2 /home/vagrant/.npm/fa7a4300-method-override-2-1-2.lock
144 silly addNameRange { name: 'bower', range: '>=1.3.1-0 <2.0.0-0', hasData: false }
145 silly addNameRange { name: 'http-server',
145 silly addNameRange   range: '>=0.6.1-0 <0.7.0-0',
145 silly addNameRange   hasData: false }
146 silly addNameRange { name: 'jasmine-core',
146 silly addNameRange   range: '>=2.3.4-0 <3.0.0-0',
146 silly addNameRange   hasData: false }
147 silly addNameRange { name: 'karma', range: '>=0.12.0-0 <0.13.0-0', hasData: false }
148 silly addNameRange { name: 'karma-chrome-launcher',
148 silly addNameRange   range: '>=0.1.12-0 <0.2.0-0',
148 silly addNameRange   hasData: false }
149 silly addNameRange { name: 'karma-firefox-launcher',
149 silly addNameRange   range: '>=0.1.6-0 <0.2.0-0',
149 silly addNameRange   hasData: false }
150 silly addNameRange { name: 'karma-jasmine',
150 silly addNameRange   range: '>=0.3.5-0 <0.4.0-0',
150 silly addNameRange   hasData: false }
151 silly addNameRange { name: 'karma-junit-reporter',
151 silly addNameRange   range: '>=0.2.2-0 <0.3.0-0',
151 silly addNameRange   hasData: false }
152 silly addNameRange { name: 'protractor',
152 silly addNameRange   range: '>=2.1.0-0 <3.0.0-0',
152 silly addNameRange   hasData: false }
153 silly addNameRange { name: 'shelljs', range: '>=0.2.6-0 <0.3.0-0', hasData: false }
154 silly addNameRange { name: 'express', range: '>=4.7.2-0 <4.8.0-0', hasData: false }
155 silly addNameRange { name: 'mongoose', range: '>=3.6.2-0 <3.7.0-0', hasData: false }
156 silly addNameRange { name: 'morgan', range: '>=1.2.2-0 <1.3.0-0', hasData: false }
157 verbose request where is /bower
158 verbose request registry http://registry.npmjs.org/
159 verbose request id bc04a9ae9e3a79c0
160 verbose url raw /bower
161 verbose url resolving [ 'http://registry.npmjs.org/', './bower' ]
162 verbose url resolved http://registry.npmjs.org/bower
163 verbose request where is http://registry.npmjs.org/bower
164 info trying registry request attempt 1 at 02:11:16
165 http GET http://registry.npmjs.org/bower
166 verbose request where is /http-server
167 verbose request registry http://registry.npmjs.org/
168 verbose url raw /http-server
169 verbose url resolving [ 'http://registry.npmjs.org/', './http-server' ]
170 verbose url resolved http://registry.npmjs.org/http-server
171 verbose request where is http://registry.npmjs.org/http-server
172 info trying registry request attempt 1 at 02:11:16
173 http GET http://registry.npmjs.org/http-server
174 verbose request where is /jasmine-core
175 verbose request registry http://registry.npmjs.org/
176 verbose url raw /jasmine-core
177 verbose url resolving [ 'http://registry.npmjs.org/', './jasmine-core' ]
178 verbose url resolved http://registry.npmjs.org/jasmine-core
179 verbose request where is http://registry.npmjs.org/jasmine-core
180 info trying registry request attempt 1 at 02:11:16
181 http GET http://registry.npmjs.org/jasmine-core
182 verbose request where is /karma
183 verbose request registry http://registry.npmjs.org/
184 verbose url raw /karma
185 verbose url resolving [ 'http://registry.npmjs.org/', './karma' ]
186 verbose url resolved http://registry.npmjs.org/karma
187 verbose request where is http://registry.npmjs.org/karma
188 info trying registry request attempt 1 at 02:11:16
189 http GET http://registry.npmjs.org/karma
190 verbose request where is /karma-firefox-launcher
191 verbose request registry http://registry.npmjs.org/
192 verbose url raw /karma-firefox-launcher
193 verbose url resolving [ 'http://registry.npmjs.org/', './karma-firefox-launcher' ]
194 verbose url resolved http://registry.npmjs.org/karma-firefox-launcher
195 verbose request where is http://registry.npmjs.org/karma-firefox-launcher
196 info trying registry request attempt 1 at 02:11:16
197 http GET http://registry.npmjs.org/karma-firefox-launcher
198 verbose request where is /karma-jasmine
199 verbose request registry http://registry.npmjs.org/
200 verbose url raw /karma-jasmine
201 verbose url resolving [ 'http://registry.npmjs.org/', './karma-jasmine' ]
202 verbose url resolved http://registry.npmjs.org/karma-jasmine
203 verbose request where is http://registry.npmjs.org/karma-jasmine
204 info trying registry request attempt 1 at 02:11:16
205 http GET http://registry.npmjs.org/karma-jasmine
206 verbose request where is /karma-junit-reporter
207 verbose request registry http://registry.npmjs.org/
208 verbose url raw /karma-junit-reporter
209 verbose url resolving [ 'http://registry.npmjs.org/', './karma-junit-reporter' ]
210 verbose url resolved http://registry.npmjs.org/karma-junit-reporter
211 verbose request where is http://registry.npmjs.org/karma-junit-reporter
212 info trying registry request attempt 1 at 02:11:16
213 http GET http://registry.npmjs.org/karma-junit-reporter
214 verbose request where is /protractor
215 verbose request registry http://registry.npmjs.org/
216 verbose url raw /protractor
217 verbose url resolving [ 'http://registry.npmjs.org/', './protractor' ]
218 verbose url resolved http://registry.npmjs.org/protractor
219 verbose request where is http://registry.npmjs.org/protractor
220 info trying registry request attempt 1 at 02:11:16
221 http GET http://registry.npmjs.org/protractor
222 verbose request where is /express
223 verbose request registry http://registry.npmjs.org/
224 verbose url raw /express
225 verbose url resolving [ 'http://registry.npmjs.org/', './express' ]
226 verbose url resolved http://registry.npmjs.org/express
227 verbose request where is http://registry.npmjs.org/express
228 info trying registry request attempt 1 at 02:11:16
229 http GET http://registry.npmjs.org/express
230 silly addNameRange { name: 'body-parser',
230 silly addNameRange   range: '>=1.5.2-0 <1.6.0-0',
230 silly addNameRange   hasData: false }
231 silly addNameRange { name: 'method-override',
231 silly addNameRange   range: '>=2.1.2-0 <2.2.0-0',
231 silly addNameRange   hasData: false }
232 verbose request where is /mongoose
233 verbose request registry http://registry.npmjs.org/
234 verbose url raw /mongoose
235 verbose url resolving [ 'http://registry.npmjs.org/', './mongoose' ]
236 verbose url resolved http://registry.npmjs.org/mongoose
237 verbose request where is http://registry.npmjs.org/mongoose
238 info trying registry request attempt 1 at 02:11:16
239 http GET http://registry.npmjs.org/mongoose
240 verbose request where is /morgan
241 verbose request registry http://registry.npmjs.org/
242 verbose url raw /morgan
243 verbose url resolving [ 'http://registry.npmjs.org/', './morgan' ]
244 verbose url resolved http://registry.npmjs.org/morgan
245 verbose request where is http://registry.npmjs.org/morgan
246 info trying registry request attempt 1 at 02:11:16
247 http GET http://registry.npmjs.org/morgan
248 info retry will retry, error on last attempt: Error: getaddrinfo ESRCH
249 info retry will retry, error on last attempt: Error: getaddrinfo ESRCH
250 verbose request where is /body-parser
251 verbose request registry http://registry.npmjs.org/
252 verbose url raw /body-parser
253 verbose url resolving [ 'http://registry.npmjs.org/', './body-parser' ]
254 verbose url resolved http://registry.npmjs.org/body-parser
255 verbose request where is http://registry.npmjs.org/body-parser
256 info trying registry request attempt 1 at 02:11:56
257 http GET http://registry.npmjs.org/body-parser
258 verbose request where is /method-override
259 verbose request registry http://registry.npmjs.org/
260 verbose url raw /method-override
261 verbose url resolving [ 'http://registry.npmjs.org/', './method-override' ]
262 verbose url resolved http://registry.npmjs.org/method-override
263 verbose request where is http://registry.npmjs.org/method-override
264 info trying registry request attempt 1 at 02:11:56
265 http GET http://registry.npmjs.org/method-override
266 info retry will retry, error on last attempt: Error: getaddrinfo ESRCH
267 info retry will retry, error on last attempt: Error: getaddrinfo ESRCH
268 info trying registry request attempt 2 at 02:12:06
269 http GET http://registry.npmjs.org/bower
270 info trying registry request attempt 2 at 02:12:06
271 http GET http://registry.npmjs.org/http-server
272 info trying registry request attempt 2 at 02:12:06
273 http GET http://registry.npmjs.org/jasmine-core
274 info trying registry request attempt 2 at 02:12:06
275 http GET http://registry.npmjs.org/karma
276 info retry will retry, error on last attempt: Error: getaddrinfo ESRCH
277 info retry will retry, error on last attempt: Error: getaddrinfo ESRCH
278 info retry will retry, error on last attempt: Error: getaddrinfo ESRCH
279 info retry will retry, error on last attempt: Error: getaddrinfo ESRCH
280 info trying registry request attempt 2 at 02:12:46
281 http GET http://registry.npmjs.org/karma-firefox-launcher
282 info trying registry request attempt 2 at 02:12:46
283 http GET http://registry.npmjs.org/karma-jasmine
284 info trying registry request attempt 2 at 02:12:46
285 http GET http://registry.npmjs.org/karma-junit-reporter
286 info trying registry request attempt 2 at 02:12:46
287 http GET http://registry.npmjs.org/protractor
288 info retry will retry, error on last attempt: Error: getaddrinfo ESRCH
289 info retry will retry, error on last attempt: Error: getaddrinfo ESRCH
290 verbose request where is /karma-chrome-launcher
291 verbose request registry http://registry.npmjs.org/
292 verbose url raw /karma-chrome-launcher
293 verbose url resolving [ 'http://registry.npmjs.org/', './karma-chrome-launcher' ]
294 verbose url resolved http://registry.npmjs.org/karma-chrome-launcher
295 verbose request where is http://registry.npmjs.org/karma-chrome-launcher
296 info trying registry request attempt 1 at 02:13:16
297 verbose etag "AB6DAVF46PUPNUJCW5RX7BKQ1"
298 http GET http://registry.npmjs.org/karma-chrome-launcher
299 verbose request where is /shelljs
300 verbose request registry http://registry.npmjs.org/
301 verbose url raw /shelljs
302 verbose url resolving [ 'http://registry.npmjs.org/', './shelljs' ]
303 verbose url resolved http://registry.npmjs.org/shelljs
304 verbose request where is http://registry.npmjs.org/shelljs
305 info trying registry request attempt 1 at 02:13:16
306 verbose etag "NX6NTJ0HOBLRKA7UARS39IIE"
307 http GET http://registry.npmjs.org/shelljs
308 info retry will retry, error on last attempt: Error: getaddrinfo ESRCH
309 info retry will retry, error on last attempt: Error: getaddrinfo ESRCH
310 info trying registry request attempt 2 at 02:13:26
311 http GET http://registry.npmjs.org/express
312 info trying registry request attempt 2 at 02:13:26
313 http GET http://registry.npmjs.org/mongoose
314 info trying registry request attempt 2 at 02:13:26
315 http GET http://registry.npmjs.org/morgan
316 info trying registry request attempt 2 at 02:13:26
317 http GET http://registry.npmjs.org/body-parser
318 info retry will retry, error on last attempt: Error: getaddrinfo ESRCH
319 info retry will retry, error on last attempt: Error: getaddrinfo ESRCH
320 info retry will retry, error on last attempt: Error: getaddrinfo ESRCH
321 info retry will retry, error on last attempt: Error: getaddrinfo ESRCH
322 info trying registry request attempt 2 at 02:14:06
323 http GET http://registry.npmjs.org/method-override
324 info retry will retry, error on last attempt: Error: getaddrinfo ESRCH
325 info retry will retry, error on last attempt: Error: getaddrinfo ESRCH
326 info retry will retry, error on last attempt: Error: getaddrinfo ESRCH
327 info retry will retry, error on last attempt: Error: getaddrinfo ESRCH
328 info trying registry request attempt 3 at 02:14:56
329 http GET http://registry.npmjs.org/bower
330 info trying registry request attempt 3 at 02:14:56
331 http GET http://registry.npmjs.org/http-server
332 info trying registry request attempt 3 at 02:14:56
333 http GET http://registry.npmjs.org/jasmine-core
334 info retry will retry, error on last attempt: Error: getaddrinfo ESRCH
335 info retry will retry, error on last attempt: Error: getaddrinfo ESRCH
336 info retry will retry, error on last attempt: Error: getaddrinfo ESRCH
337 info retry will retry, error on last attempt: Error: getaddrinfo ESRCH
338 info trying registry request attempt 2 at 02:15:26
339 verbose etag "AB6DAVF46PUPNUJCW5RX7BKQ1"
340 http GET http://registry.npmjs.org/karma-chrome-launcher
341 info trying registry request attempt 2 at 02:15:26
342 verbose etag "NX6NTJ0HOBLRKA7UARS39IIE"
343 http GET http://registry.npmjs.org/shelljs
344 info trying registry request attempt 3 at 02:15:36
345 http GET http://registry.npmjs.org/karma
346 info trying registry request attempt 3 at 02:15:36
347 http GET http://registry.npmjs.org/karma-firefox-launcher
348 info trying registry request attempt 3 at 02:15:36
349 http GET http://registry.npmjs.org/karma-jasmine
350 info trying registry request attempt 3 at 02:15:36
351 http GET http://registry.npmjs.org/karma-junit-reporter
352 info retry will retry, error on last attempt: Error: getaddrinfo ESRCH
353 info retry will retry, error on last attempt: Error: getaddrinfo ESRCH
354 info retry will retry, error on last attempt: Error: getaddrinfo ESRCH
355 info retry will retry, error on last attempt: Error: getaddrinfo ESRCH
356 info trying registry request attempt 3 at 02:16:16
357 http GET http://registry.npmjs.org/protractor
358 info trying registry request attempt 3 at 02:16:16
359 http GET http://registry.npmjs.org/express
360 silly lockFile 7c83895e-bower-1-3-1 bower@^1.3.1
361 silly lockFile 7c83895e-bower-1-3-1 bower@^1.3.1
362 silly lockFile e7eeaefd-http-server-0-6-1 http-server@^0.6.1
363 silly lockFile e7eeaefd-http-server-0-6-1 http-server@^0.6.1
364 silly lockFile a159a41e-jasmine-core-2-3-4 jasmine-core@^2.3.4
365 silly lockFile a159a41e-jasmine-core-2-3-4 jasmine-core@^2.3.4
366 info retry will retry, error on last attempt: Error: getaddrinfo ESRCH
367 info trying registry request attempt 3 at 02:16:56
368 http GET http://registry.npmjs.org/mongoose
369 info trying registry request attempt 3 at 02:16:56
370 http GET http://registry.npmjs.org/morgan
371 info trying registry request attempt 3 at 02:16:56
372 http GET http://registry.npmjs.org/body-parser
373 info trying registry request attempt 3 at 02:16:56
374 http GET http://registry.npmjs.org/method-override
375 info retry will retry, error on last attempt: Error: getaddrinfo ESRCH
376 silly lockFile 0424ac46-karma-0-12 karma@~0.12
377 silly lockFile 0424ac46-karma-0-12 karma@~0.12
378 silly lockFile 9f4d8121-karma-firefox-launcher-0-1-6 karma-firefox-launcher@^0.1.6
379 silly lockFile 9f4d8121-karma-firefox-launcher-0-1-6 karma-firefox-launcher@^0.1.6
380 silly lockFile b0acc008-karma-jasmine-0-3-5 karma-jasmine@^0.3.5
381 silly lockFile b0acc008-karma-jasmine-0-3-5 karma-jasmine@^0.3.5
382 info trying registry request attempt 3 at 02:17:37
383 verbose etag "AB6DAVF46PUPNUJCW5RX7BKQ1"
384 http GET http://registry.npmjs.org/karma-chrome-launcher
385 silly lockFile 6934e75d-karma-junit-reporter-0-2-2 karma-junit-reporter@^0.2.2
386 silly lockFile 6934e75d-karma-junit-reporter-0-2-2 karma-junit-reporter@^0.2.2
387 silly lockFile 1d3f6f46-protractor-2-1-0 protractor@^2.1.0
388 silly lockFile 1d3f6f46-protractor-2-1-0 protractor@^2.1.0
389 silly lockFile ef4e1f61-express-4-7-2 express@~4.7.2
390 silly lockFile ef4e1f61-express-4-7-2 express@~4.7.2
391 silly lockFile 96ad86c1-mongoose-3-6-2 mongoose@~3.6.2
392 silly lockFile 96ad86c1-mongoose-3-6-2 mongoose@~3.6.2
393 info trying registry request attempt 3 at 02:18:16
394 verbose etag "NX6NTJ0HOBLRKA7UARS39IIE"
395 http GET http://registry.npmjs.org/shelljs
396 silly lockFile 8a9f8c6a-morgan-1-2-2 morgan@~1.2.2
397 silly lockFile 8a9f8c6a-morgan-1-2-2 morgan@~1.2.2
398 silly lockFile c3717280-body-parser-1-5-2 body-parser@~1.5.2
399 silly lockFile c3717280-body-parser-1-5-2 body-parser@~1.5.2
400 silly lockFile fa7a4300-method-override-2-1-2 method-override@~2.1.2
401 silly lockFile fa7a4300-method-override-2-1-2 method-override@~2.1.2
402 silly registry.get cb [ 304, undefined ]
403 verbose etag http://registry.npmjs.org/karma-chrome-launcher from cache
404 silly addNameRange number 2 { name: 'karma-chrome-launcher',
404 silly addNameRange   range: '>=0.1.12-0 <0.2.0-0',
404 silly addNameRange   hasData: true }
405 silly addNameRange versions [ 'karma-chrome-launcher',
405 silly addNameRange   [ '0.0.1',
405 silly addNameRange     '0.0.2',
405 silly addNameRange     '0.1.0',
405 silly addNameRange     '0.1.1',
405 silly addNameRange     '0.1.2',
405 silly addNameRange     '0.1.3',
405 silly addNameRange     '0.1.4',
405 silly addNameRange     '0.1.5',
405 silly addNameRange     '0.1.6',
405 silly addNameRange     '0.1.7',
405 silly addNameRange     '0.1.8',
405 silly addNameRange     '0.1.9',
405 silly addNameRange     '0.1.10',
405 silly addNameRange     '0.1.11',
405 silly addNameRange     '0.1.12',
405 silly addNameRange     '0.2.0',
405 silly addNameRange     '0.2.1' ] ]
406 verbose addNamed [ 'karma-chrome-launcher', '0.1.12' ]
407 verbose addNamed [ '0.1.12', '0.1.12' ]
408 silly lockFile f5f807cc-karma-chrome-launcher-0-1-12 karma-chrome-launcher@0.1.12
409 verbose lock karma-chrome-launcher@0.1.12 /home/vagrant/.npm/f5f807cc-karma-chrome-launcher-0-1-12.lock
410 silly lockFile f5f807cc-karma-chrome-launcher-0-1-12 karma-chrome-launcher@0.1.12
411 silly lockFile f5f807cc-karma-chrome-launcher-0-1-12 karma-chrome-launcher@0.1.12
412 silly lockFile c327aa21-karma-chrome-launcher-0-1-12 karma-chrome-launcher@^0.1.12
413 silly lockFile c327aa21-karma-chrome-launcher-0-1-12 karma-chrome-launcher@^0.1.12
414 silly registry.get cb [ 304, undefined ]
415 verbose etag http://registry.npmjs.org/shelljs from cache
416 silly addNameRange number 2 { name: 'shelljs', range: '>=0.2.6-0 <0.3.0-0', hasData: true }
417 silly addNameRange versions [ 'shelljs',
417 silly addNameRange   [ '0.0.1',
417 silly addNameRange     '0.0.2',
417 silly addNameRange     '0.0.3',
417 silly addNameRange     '0.0.4',
417 silly addNameRange     '0.0.5',
417 silly addNameRange     '0.0.6',
417 silly addNameRange     '0.0.7',
417 silly addNameRange     '0.0.8',
417 silly addNameRange     '0.0.9',
417 silly addNameRange     '0.1.0',
417 silly addNameRange     '0.1.1',
417 silly addNameRange     '0.1.2',
417 silly addNameRange     '0.1.3',
417 silly addNameRange     '0.1.4',
417 silly addNameRange     '0.2.0',
417 silly addNameRange     '0.2.1',
417 silly addNameRange     '0.2.2',
417 silly addNameRange     '0.2.3',
417 silly addNameRange     '0.2.4',
417 silly addNameRange     '0.2.5',
417 silly addNameRange     '0.2.6',
417 silly addNameRange     '0.3.0',
417 silly addNameRange     '0.4.0',
417 silly addNameRange     '0.5.0',
417 silly addNameRange     '0.5.1',
417 silly addNameRange     '0.5.2',
417 silly addNameRange     '0.5.3',
417 silly addNameRange     '0.0.1-alpha1',
417 silly addNameRange     '0.0.2-pre1',
417 silly addNameRange     '0.0.4-pre1',
417 silly addNameRange     '0.0.5-pre1',
417 silly addNameRange     '0.0.5-pre2',
417 silly addNameRange     '0.0.5-pre3',
417 silly addNameRange     '0.0.5-pre4',
417 silly addNameRange     '0.0.6-pre1',
417 silly addNameRange     '0.0.6-pre2' ] ]
418 verbose addNamed [ 'shelljs', '0.2.6' ]
419 verbose addNamed [ '0.2.6', '0.2.6' ]
420 silly lockFile 542b9617-shelljs-0-2-6 shelljs@0.2.6
421 verbose lock shelljs@0.2.6 /home/vagrant/.npm/542b9617-shelljs-0-2-6.lock
422 silly lockFile 542b9617-shelljs-0-2-6 shelljs@0.2.6
423 silly lockFile 542b9617-shelljs-0-2-6 shelljs@0.2.6
424 silly lockFile cdaabbbd-shelljs-0-2-6 shelljs@^0.2.6
425 silly lockFile cdaabbbd-shelljs-0-2-6 shelljs@^0.2.6
426 error Error: getaddrinfo ESRCH
426 error     at errnoException (dns.js:37:11)
426 error     at Object.onanswer [as oncomplete] (dns.js:124:16)
427 error If you need help, you may report this *entire* log,
427 error including the npm and node versions, at:
427 error     <http://github.com/npm/npm/issues>
428 error System Linux 3.2.0-23-generic-pae
429 error command "/usr/bin/node" "/usr/bin/npm" "install"
430 error cwd /var/www/ChoreoProSite/WebSite
431 error node -v v0.10.40
432 error npm -v 1.4.28
433 error syscall getaddrinfo
434 error code ESRCH
435 error errno ESRCH
436 verbose exit [ 1, true ]
